<?xml version="1.0" encoding="UTF-8"?>
<testng-results total="2" passed="2" failed="0" skipped="0">
  <reporter-output>
  </reporter-output>
  <suite started-at="2022-03-16T05:45:26Z" name="Default suite" finished-at="2022-03-16T05:45:37Z" duration-ms="11131">
    <groups>
    </groups>
    <test started-at="2022-03-16T05:45:26Z" name="Default test" finished-at="2022-03-16T05:45:37Z" duration-ms="11131">
      <class name="resttesting1.E_Commerce">
        <test-method signature="signup()[pri:0, instance:resttesting1.E_Commerce@332729ad]" started-at="2022-03-16T11:15:26Z" name="signup" finished-at="2022-03-16T11:15:33Z" duration-ms="7300" status="PASS">
          <reporter-output>
          </reporter-output>
        </test-method> <!-- signup -->
        <test-method signature="Login()[pri:1, instance:resttesting1.E_Commerce@332729ad]" started-at="2022-03-16T11:15:33Z" name="Login" finished-at="2022-03-16T11:15:37Z" duration-ms="3800" status="PASS">
          <reporter-output>
          </reporter-output>
        </test-method> <!-- Login -->
      </class> <!-- resttesting1.E_Commerce -->
    </test> <!-- Default test -->
  </suite> <!-- Default suite -->
</testng-results>
